{"data":{"advanceDist":0.3,"canAdvance":true,"currY":72,"dist":0.09127844,"link":"walk","nodeY":72,"pathIndex":3},"hypothesisId":"B","location":"movement/steering.go:advance","message":"path advance check","sessionId":"dc2f7d","timestamp":1779880565147}
{"data":{"advanceDist":0.8,"canAdvance":true,"currY":72,"dist":0.5238915,"link":"walk","nodeY":72,"pathIndex":6},"hypothesisId":"B","location":"movement/steering.go:advance","message":"path advance check","sessionId":"dc2f7d","timestamp":1779880565746}
{"data":{"advanceDist":0.3,"canAdvance":true,"currY":72,"dist":0.24786751,"link":"walk","nodeY":72,"pathIndex":9},"hypothesisId":"B","location":"movement/steering.go:advance","message":"path advance check","sessionId":"dc2f7d","timestamp":1779880566546}
{"data":{"advanceDist":0.3,"canAdvance":true,"currY":73.77999,"dist":0.21382439,"link":"step_jump","nodeY":73,"pathIndex":12},"hypothesisId":"B","location":"movement/steering.go:advance","message":"path advance check","sessionId":"dc2f7d","timestamp":1779880567201}
{"data":{"advanceDist":0.8,"canAdvance":true,"currY":76.259995,"dist":0.38297284,"link":"step_jump","nodeY":76,"pathIndex":15},"hypothesisId":"B","location":"movement/steering.go:advance","message":"path advance check","sessionId":"dc2f7d","timestamp":1779880568547}
{"data":{"advanceDist":0.3,"canAdvance":true,"currY":78,"dist":0.059193052,"link":"walk","nodeY":78,"pathIndex":18},"hypothesisId":"B","location":"movement/steering.go:advance","message":"path advance check","sessionId":"dc2f7d","timestamp":1779880569947}
{"data":{"advanceDist":0.8,"canAdvance":true,"currY":72,"dist":0.7454256,"link":"walk","nodeY":72,"pathIndex":3},"hypothesisId":"B","location":"movement/steering.go:advance","message":"path advance check","sessionId":"dc2f7d","timestamp":1779880578847}
{"data":{"advanceDist":0.3,"canAdvance":true,"currY":72,"dist":0.15160157,"link":"walk","nodeY":72,"pathIndex":6},"hypothesisId":"B","location":"movement/steering.go:advance","message":"path advance check","sessionId":"dc2f7d","timestamp":1779880579546}
{"data":{"advanceDist":0.8,"canAdvance":true,"currY":75.18,"dist":0.5442654,"link":"step_jump","nodeY":75,"pathIndex":9},"hypothesisId":"B","location":"movement/steering.go:advance","message":"path advance check","sessionId":"dc2f7d","timestamp":1779880580846}
{"data":{"advanceDist":0.3,"canAdvance":true,"currY":78.51999,"dist":0.15713266,"link":"step_jump","nodeY":78,"pathIndex":12},"hypothesisId":"B","location":"movement/steering.go:advance","message":"path advance check","sessionId":"dc2f7d","timestamp":1779880582296}
{"data":{"advanceDist":0.3,"canAdvance":true,"currY":78,"dist":0.119851984,"link":"walk","nodeY":78,"pathIndex":15},"hypothesisId":"B","location":"movement/steering.go:advance","message":"path advance check","sessionId":"dc2f7d","timestamp":1779880583097}
{"data":{"advanceDist":0.8,"canAdvance":false,"currY":71.752174,"dist":0.6205769,"link":"walk","nodeY":71,"pathIndex":3},"hypothesisId":"B","location":"movement/steering.go:advance","message":"path advance check","sessionId":"dc2f7d","timestamp":1779880598596}
{"data":{"advanceDist":0.8,"canAdvance":false,"currY":71.67217,"dist":0.41897714,"link":"walk","nodeY":71,"pathIndex":3},"hypothesisId":"B","location":"movement/steering.go:advance","message":"path advance check","sessionId":"dc2f7d","timestamp":1779880598646}
{"data":{"advanceDist":0.8,"canAdvance":false,"currY":71.51217,"dist":0.2173774,"link":"walk","nodeY":71,"pathIndex":3},"hypothesisId":"B","location":"movement/steering.go:advance","message":"path advance check","sessionId":"dc2f7d","timestamp":1779880598696}
{"data":{"advanceDist":0.8,"canAdvance":true,"currY":71.27217,"dist":0.015777634,"link":"walk","nodeY":71,"pathIndex":3},"hypothesisId":"B","location":"movement/steering.go:advance","message":"path advance check","sessionId":"dc2f7d","timestamp":1779880598746}
{"data":{"advanceDist":0.8,"canAdvance":true,"currY":72,"dist":0.76189446,"link":"walk","nodeY":72,"pathIndex":6},"hypothesisId":"B","location":"movement/steering.go:advance","message":"path advance check","sessionId":"dc2f7d","timestamp":1779880599446}
{"data":{"advanceDist":0.3,"canAdvance":true,"currY":73,"dist":0.0545242,"link":"step_jump","nodeY":73,"pathIndex":9},"hypothesisId":"B","location":"movement/steering.go:advance","message":"path advance check","sessionId":"dc2f7d","timestamp":1779880600546}
{"data":{"advanceDist":0.8,"canAdvance":true,"currY":76.17999,"dist":0.4105681,"link":"step_jump","nodeY":76,"pathIndex":12},"hypothesisId":"B","location":"movement/steering.go:advance","message":"path advance check","sessionId":"dc2f7d","timestamp":1779880601847}
{"data":{"advanceDist":0.3,"canAdvance":true,"currY":78,"dist":0.12593266,"link":"walk","nodeY":78,"pathIndex":15},"hypothesisId":"B","location":"movement/steering.go:advance","message":"path advance check","sessionId":"dc2f7d","timestamp":1779880603346}
{"data":{"advanceDist":0.5,"canAdvance":false,"currY":76.16739,"dist":0.45020837,"link":"","nodeY":79,"pathIndex":18},"hypothesisId":"B","location":"movement/steering.go:advance","message":"path advance check","sessionId":"dc2f7d","timestamp":1779880604496}
{"data":{"advanceDist":0.5,"canAdvance":false,"currY":75.92739,"dist":0.25020835,"link":"","nodeY":79,"pathIndex":18},"hypothesisId":"B","location":"movement/steering.go:advance","message":"path advance check","sessionId":"dc2f7d","timestamp":1779880604546}
{"data":{"advanceDist":0.5,"canAdvance":false,"currY":75.60739,"dist":0.050206315,"link":"","nodeY":79,"pathIndex":18},"hypothesisId":"B","location":"movement/steering.go:advance","message":"path advance check","sessionId":"dc2f7d","timestamp":1779880604596}
{"data":{"advanceDist":0.5,"canAdvance":false,"currY":75.20739,"dist":0,"link":"","nodeY":79,"pathIndex":18},"hypothesisId":"B","location":"movement/steering.go:advance","message":"path advance check","sessionId":"dc2f7d","timestamp":1779880604646}
